<?xml version="1.0" encoding="UTF-8"?>
<!-- Generated by org.testng.reporters.JUnitReportReporter -->
<testsuite hostname="King-Mufasa-Desktop" failures="0" tests="26" name="runners.TestNGCucumberRunner" time="296.436" errors="0" timestamp="2025-06-03T14:38:42 CDT" skipped="0">
  <testcase classname="runners.TestNGCucumberRunner" name="runScenario" time="16.980"/>
  <testcase classname="runners.TestNGCucumberRunner" name="runScenario" time="11.357"/>
  <testcase classname="runners.TestNGCucumberRunner" name="runScenario" time="7.343"/>
  <testcase classname="runners.TestNGCucumberRunner" name="runScenario" time="10.252"/>
  <testcase classname="runners.TestNGCucumberRunner" name="runScenario" time="10.237"/>
  <testcase classname="runners.TestNGCucumberRunner" name="runScenario" time="20.182"/>
  <testcase classname="runners.TestNGCucumberRunner" name="runScenario" time="12.014"/>
  <testcase classname="runners.TestNGCucumberRunner" name="runScenario" time="9.837"/>
  <testcase classname="runners.TestNGCucumberRunner" name="runScenario" time="9.573"/>
  <testcase classname="runners.TestNGCucumberRunner" name="runScenario" time="12.415"/>
  <testcase classname="runners.TestNGCucumberRunner" name="runScenario" time="10.075"/>
  <testcase classname="runners.TestNGCucumberRunner" name="runScenario" time="18.157"/>
  <testcase classname="runners.TestNGCucumberRunner" name="runScenario" time="9.919"/>
  <testcase classname="runners.TestNGCucumberRunner" name="runScenario" time="16.974"/>
  <testcase classname="runners.TestNGCucumberRunner" name="runScenario" time="12.422"/>
  <testcase classname="runners.TestNGCucumberRunner" name="runScenario" time="9.996"/>
  <testcase classname="runners.TestNGCucumberRunner" name="runScenario" time="10.252"/>
  <testcase classname="runners.TestNGCucumberRunner" name="runScenario" time="9.926"/>
  <testcase classname="runners.TestNGCucumberRunner" name="runScenario" time="7.708"/>
  <testcase classname="runners.TestNGCucumberRunner" name="runScenario" time="12.773"/>
  <testcase classname="runners.TestNGCucumberRunner" name="runScenario" time="13.417"/>
  <testcase classname="runners.TestNGCucumberRunner" name="runScenario" time="7.932"/>
  <testcase classname="runners.TestNGCucumberRunner" name="runScenario" time="10.500"/>
  <testcase classname="runners.TestNGCucumberRunner" name="runScenario" time="8.346"/>
  <testcase classname="runners.TestNGCucumberRunner" name="runScenario" time="8.994"/>
  <testcase classname="runners.TestNGCucumberRunner" name="runScenario" time="8.855"/>
</testsuite> <!-- runners.TestNGCucumberRunner -->
